9	2	5	0	0.356500	0.509000	0.436500	0.742000	0	0.415250	0.440500	0.488000	0.657500	IMG_20180203_115912.jpg
65	2	5	0	0.283000	0.427500	0.468750	0.795000	IMG_20180203_120901.jpg
75	2	5	0	0.305750	0.425000	0.450750	0.819000	IMG_20180203_121045.jpg
2	2	5	0	0.364500	0.143500	0.496500	0.502000	IMG_20180203_115746.jpg
17	2	5	0	0.391500	0.467500	0.503750	0.775000	IMG_20180203_120034.jpg
99	2	5	0	0.353000	0.479000	0.434500	0.706000	IMG_20180203_121337.jpg
86	2	5	0	0.377250	0.452000	0.527250	0.766000	IMG_20180203_121211_HHT.jpg
54	2	5	0	0.316500	0.369500	0.444500	0.715000	IMG_20180203_120702.jpg
67	2	5	0	0.353000	0.303500	0.430000	0.482000	IMG_20180203_120911.jpg
96	2	5	0	0.375750	0.366000	0.568000	0.822000	IMG_20180203_121321.jpg
56	2	5	0	0.371500	0.286000	0.484500	0.590500	IMG_20180203_120721.jpg
97	2	5	0	0.382250	0.433500	0.493000	0.660500	IMG_20180203_121326_HHT.jpg
11	2	5	0	0.328750	0.253500	0.392250	0.415000	0	0.563750	0.727500	0.616500	0.887500	IMG_20180203_115946.jpg
80	2	5	0	0.329500	0.446000	0.444500	0.762000	IMG_20180203_121133_HHT.jpg
12	2	5	0	0.411500	0.306000	0.454500	0.409000	0	0.428000	0.750500	0.471500	0.879000	IMG_20180203_115951.jpg
46	2	5	0	0.370750	0.227500	0.505750	0.586000	IMG_20180203_120603.jpg
5	2	5	0	0.211500	0.282000	0.381500	0.715000	0	0.414500	0.186000	0.555250	0.579000	IMG_20180203_115825.jpg
94	2	5	0	0.468000	0.549000	0.605750	0.932000	IMG_20180203_121301.jpg
61	2	5	0	0.295750	0.482000	0.387250	0.732000	0	0.525250	0.167500	0.599500	0.380500	IMG_20180203_120816.jpg
4	2	5	0	0.277250	0.383500	0.440250	0.803500	IMG_20180203_115806.jpg
36	2	5	0	0.223750	0.236000	0.402250	0.596000	IMG_20180203_120354_HHT.jpg
43	2	5	0	0.438750	0.337500	0.513000	0.546000	IMG_20180203_120537.jpg
79	2	5	0	0.569500	0.563500	0.621500	0.712000	IMG_20180203_121125.jpg
16	2	5	0	0.339500	0.225000	0.453750	0.512000	IMG_20180203_120031.jpg
13	2	5	0	0.364500	0.746000	0.435250	0.949000	IMG_20180203_115956.jpg
57	2	5	0	0.028000	0.275000	0.267250	0.862000	IMG_20180203_120729.jpg
83	2	5	0	0.303000	0.399000	0.467250	0.840500	IMG_20180203_121142.jpg
77	2	5	0	0.264500	0.469000	0.381500	0.790500	IMG_20180203_121100.jpg
31	2	5	0	0.431500	0.387500	0.543000	0.562000	IMG_20180203_120235_HHT.jpg
7	2	5	0	0.300250	0.173500	0.512250	0.732000	IMG_20180203_115848.jpg
62	2	5	0	0.342250	0.427500	0.433750	0.657500	IMG_20180203_120823.jpg
27	2	5	0	0.272250	0.447500	0.375250	0.729000	IMG_20180203_120205.jpg
19	2	5	0	0.331500	0.296500	0.425750	0.553500	0	0.522250	0.316000	0.618750	0.589000	IMG_20180203_120105_HHT.jpg
91	2	5	0	0.428000	0.229000	0.705750	0.849000	IMG_20180203_121253.jpg
49	2	5	0	0.336500	0.495000	0.419500	0.713500	IMG_20180203_120629.jpg
25	2	5	0	0.343750	0.325000	0.447250	0.593500	IMG_20180203_120153.jpg
30	2	5	0	0.432250	0.475000	0.517250	0.712000	IMG_20180203_120229.jpg
69	2	5	0	0.372250	0.456000	0.499500	0.777500	IMG_20180203_120928.jpg
34	2	5	0	0.365750	0.192000	0.553750	0.679000	IMG_20180203_120314.jpg
41	2	5	0	0.423750	0.343500	0.532250	0.640500	IMG_20180203_120505.jpg
92	2	5	0	0.378750	0.299000	0.620750	0.666000	IMG_20180203_121254.jpg
63	2	5	0	0.423750	0.219000	0.547250	0.539000	IMG_20180203_120848.jpg
37	2	5	0	0.372250	0.345000	0.454500	0.562000	0	0.780250	0.547500	0.854500	0.750500	IMG_20180203_120401.jpg
66	2	5	0	0.366500	0.500500	0.548750	0.977500	IMG_20180203_120906.jpg
32	2	5	0	0.443750	0.387500	0.545750	0.559000	IMG_20180203_120239_HHT.jpg
78	2	5	0	0.288750	0.417500	0.368750	0.622000	0	0.497250	0.456000	0.576500	0.683500	IMG_20180203_121114.jpg
45	2	5	0	0.168750	0.132000	0.385250	0.633500	0	0.515750	0.167500	0.692250	0.599000	IMG_20180203_120557.jpg
60	2	5	0	0.266500	0.162000	0.405250	0.527500	IMG_20180203_120758_HHT.jpg
38	2	5	0	0.470250	0.283500	0.573750	0.570500	IMG_20180203_120439_HHT.jpg
3	2	5	0	0.385250	0.442000	0.476500	0.702000	IMG_20180203_115755.jpg
72	2	5	0	0.369500	0.475000	0.455250	0.716000	IMG_20180203_121001.jpg
73	2	5	0	0.333750	0.565000	0.455750	0.882000	IMG_20180203_121005.jpg
85	2	5	0	0.353750	0.437500	0.447250	0.687500	IMG_20180203_121155.jpg
8	2	5	0	0.406500	0.345000	0.438000	0.437500	0	0.444500	0.352000	0.477250	0.439000	IMG_20180203_115908.jpg
105	2	5	0	0.355250	0.340500	0.510750	0.569000	IMG_20180203_121427_HHT.jpg
40	2	5	0	0.411500	0.637500	0.545750	0.835000	IMG_20180203_120500.jpg
76	2	5	0	0.375750	0.290500	0.509500	0.647500	IMG_20180203_121056.jpg
28	2	5	0	0.289500	0.515000	0.392250	0.817500	IMG_20180203_120214_HHT.jpg
70	2	5	0	0.395750	0.255000	0.466500	0.455000	IMG_20180203_120942_HHT.jpg
87	2	5	0	0.408750	0.457500	0.487250	0.686000	IMG_20180203_121216.jpg
101	2	5	0	0.339000	0.226500	0.447500	0.528000	IMG_20180203_121357.jpg
1	2	5	0	0.412000	0.329000	0.495250	0.555000	IMG_20180203_115736.jpg
53	2	5	0	0.275250	0.363500	0.400250	0.680500	IMG_20180203_120657.jpg
21	2	5	0	0.518000	0.397500	0.653000	0.773500	IMG_20180203_120119.jpg
81	2	5	0	0.386500	0.366000	0.487250	0.646000	IMG_20180203_121136.jpg
74	2	5	0	0.238000	0.530500	0.345750	0.817500	IMG_20180203_121011.jpg
89	2	5	0	0.367250	0.476000	0.475250	0.752000	IMG_20180203_121240.jpg
102	2	5	0	0.359500	0.102000	0.526500	0.553500	IMG_20180203_121404.jpg
0	2	5	0	0.373000	0.319000	0.518000	0.683500	IMG_20180203_115722.jpg
23	2	5	0	0.395750	0.177500	0.475250	0.403500	IMG_20180203_120136.jpg
95	2	5	0	0.440750	0.415000	0.553750	0.747500	IMG_20180203_121309.jpg
20	2	5	0	0.368000	0.305000	0.480250	0.646500	IMG_20180203_120111.jpg
48	2	5	0	0.426500	0.606000	0.485750	0.773500	IMG_20180203_120621.jpg
35	2	5	0	0.438000	0.450500	0.501500	0.632000	IMG_20180203_120317.jpg
71	2	5	0	0.401500	0.329000	0.485250	0.552000	IMG_20180203_120951.jpg
59	2	5	0	0.375750	0.220500	0.504500	0.570500	IMG_20180203_120744.jpg
51	2	5	0	0.272250	0.206000	0.442250	0.645000	IMG_20180203_120649.jpg
103	2	5	0	0.376500	0.370500	0.590750	0.693500	IMG_20180203_121408.jpg
52	2	5	0	0.345250	0.335000	0.481500	0.682000	IMG_20180203_120654.jpg
47	2	5	0	0.415250	0.517500	0.483750	0.699000	0	0.641500	0.126000	0.678000	0.229000	IMG_20180203_120613.jpg
100	2	5	0	0.350250	0.455000	0.428000	0.662000	IMG_20180203_121342.jpg
24	2	5	0	0.458750	0.339000	0.562250	0.615000	IMG_20180203_120146.jpg
108	2	5	0	0.455750	0.123500	0.555250	0.386000	IMG_20180203_121455.jpg
104	2	5	0	0.335250	0.279000	0.611500	0.697500	IMG_20180203_121417.jpg
88	2	5	0	0.419500	0.622000	0.590250	0.929000	IMG_20180203_121222.jpg
39	2	5	0	0.545750	0.446000	0.669500	0.785000	IMG_20180203_120454.jpg
29	2	5	0	0.346500	0.339000	0.494500	0.739000	IMG_20180203_120221_HHT.jpg
42	2	5	0	0.400750	0.410500	0.509500	0.710500	IMG_20180203_120516.jpg
26	2	5	0	0.355250	0.313500	0.475250	0.655000	IMG_20180203_120159_HHT.jpg
82	2	5	0	0.363000	0.369000	0.470750	0.660500	IMG_20180203_121137_HHT.jpg
84	2	5	0	0.413750	0.377500	0.515750	0.662000	IMG_20180203_121148.jpg
6	2	5	0	0.195750	0.415000	0.419500	0.973500	0	0.415250	0.315000	0.614500	0.835000	IMG_20180203_115843_HHT.jpg
33	2	5	0	0.342250	0.217500	0.555750	0.776000	IMG_20180203_120307.jpg
106	2	5	0	0.370250	0.646000	0.470250	0.917500	IMG_20180203_121438_HHT.jpg
10	2	5	0	0.394500	0.390500	0.453750	0.552000	IMG_20180203_115926.jpg
15	2	5	0	0.195750	0.387500	0.300750	0.662000	0	0.578750	0.409000	0.679500	0.690500	IMG_20180203_120013.jpg
68	2	5	0	0.323000	0.342000	0.403750	0.552000	IMG_20180203_120920.jpg
14	2	5	0	0.194500	0.399000	0.290750	0.625000	0	0.534500	0.389000	0.619500	0.607500	IMG_20180203_120011.jpg
